Build started 18/05/2014 12:49:48.
     1>Project "C:\Users\neild_000\Documents\Sandbox\Green screen\Green screen\Green screen.vcxproj" on node 2 (build target(s)).
     1>InitializeBuildStatus:
         Touching "Debug\Green screen.unsuccessfulbuild".
       ClCompile:
         c:\Program Files (x86)\Microsoft Visual Studio 10.0\VC\bin\CL.exe /c /IC:\opencv\build\include /ZI /nologo /W3 /WX- /Od /Oy- /D _MBCS /Gm /EHsc /RTC1 /MDd /GS /fp:precise /Zc:wchar_t /Zc:forScope /Fo"Debug\\" /Fd"Debug\vc100.pdb" /Gd /TP /analyze- /errorReport:prompt main.cpp
         main.cpp
       Link:
         c:\Program Files (x86)\Microsoft Visual Studio 10.0\VC\bin\link.exe /ERRORREPORT:PROMPT /OUT:"C:\Users\neild_000\Documents\Sandbox\Green screen\Debug\Green screen.exe" /NOLOGO /LIBPATH:C:\opencv\build\x86\vc10\lib /LIBPATH:C:\opencv\build\x86\vc10\bin opencv_core248d.lib opencv_objdetect248d.lib opencv_imgproc248d.lib opencv_highgui248d.lib kernel32.lib user32.lib gdi32.lib winspool.lib comdlg32.lib advapi32.lib shell32.lib ole32.lib oleaut32.lib uuid.lib odbc32.lib odbccp32.lib /MANIFEST /ManifestFile:"Debug\Green screen.exe.intermediate.manifest" /MANIFESTUAC:"level='asInvoker' uiAccess='false'" /DEBUG /PDB:"C:\Users\neild_000\Documents\Sandbox\Green screen\Debug\Green screen.pdb" /TLBID:1 /DYNAMICBASE /NXCOMPAT /IMPLIB:"C:\Users\neild_000\Documents\Sandbox\Green screen\Debug\Green screen.lib" /MACHINE:X86 Debug\CameraCapture.obj
         Debug\FileCapture.obj
         Debug\GreenScreen.obj
         Debug\main.obj
         Debug\TrackBarGui.obj
         LINK : C:\Users\neild_000\Documents\Sandbox\Green screen\Debug\Green screen.exe not found or not built by the last incremental link; performing full link
         Green screen.vcxproj -> C:\Users\neild_000\Documents\Sandbox\Green screen\Debug\Green screen.exe
       Manifest:
         C:\Program Files (x86)\Microsoft SDKs\Windows\v7.0A\bin\mt.exe /nologo /verbose /outputresource:"C:\Users\neild_000\Documents\Sandbox\Green screen\Debug\Green screen.exe;#1" /manifest "Debug\Green screen.exe.intermediate.manifest"
       FinalizeBuildStatus:
         Deleting file "Debug\Green screen.unsuccessfulbuild".
         Touching "Debug\Green screen.lastbuildstate".
     1>Done Building Project "C:\Users\neild_000\Documents\Sandbox\Green screen\Green screen\Green screen.vcxproj" (build target(s)).

Build succeeded.

Time Elapsed 00:00:01.74
